<?xml version="1.0" encoding="UTF-8"?>
<!-- Generated by org.testng.reporters.JUnitReportReporter -->
<testsuite hostname="DESKTOP-Q9V7GDP" failures="0" tests="1" name="dataShare.ITestContextCreateBooking2" time="2.294" errors="0" timestamp="2022-05-24T10:00:39 EDT" skipped="0">
  <testcase classname="dataShare.ITestContextCreateBooking2" name="createBooking" time="2.294"/>
  <system-out/>
</testsuite> <!-- dataShare.ITestContextCreateBooking2 -->
