<?xml version="1.0" encoding="UTF-8"?>
<!-- Generated by org.testng.reporters.JUnitReportReporter -->
<testsuite hostname="DESKTOP-Q9V7GDP" failures="0" tests="2" name="dataShare.TestModuleTwoWithTradeLocalDataMap" time="2.892" errors="0" timestamp="2022-05-23T22:44:16 EDT" skipped="0">
  <testcase classname="dataShare.TestModuleTwoWithTradeLocalDataMap" name="createBooking" time="2.581"/>
  <system-out/>
  <testcase classname="dataShare.TestModuleTwoWithTradeLocalDataMap" name="retreieveBooking" time="0.311"/>
  <system-out/>
</testsuite> <!-- dataShare.TestModuleTwoWithTradeLocalDataMap -->
