<?xml version="1.0" encoding="UTF-8"?>
<!-- Generated by org.testng.reporters.JUnitReportReporter -->
<testsuite hostname="DESKTOP-Q9V7GDP" failures="0" tests="2" name="restfullBooker.MultipleBookingsWithRequestRespect" time="1.333" errors="0" timestamp="2022-06-25T19:42:17 EDT" skipped="0">
  <testcase classname="restfullBooker.MultipleBookingsWithRequestRespect" name="updateBooking" time="0.160"/>
  <system-out/>
  <testcase classname="restfullBooker.MultipleBookingsWithRequestRespect" name="createBookin1" time="1.173"/>
  <system-out/>
</testsuite> <!-- restfullBooker.MultipleBookingsWithRequestRespect -->
