<?xml version="1.0" encoding="UTF-8"?>
<!-- Generated by org.testng.reporters.JUnitReportReporter -->
<testsuite hostname="DESKTOP-Q9V7GDP" failures="0" tests="2" name="dataShare.ShareDataAmongMethods" time="2.802" errors="0" timestamp="2022-05-23T20:52:22 EDT" skipped="0">
  <testcase classname="dataShare.ShareDataAmongMethods" name="createBooking" time="2.444"/>
  <system-out/>
  <testcase classname="dataShare.ShareDataAmongMethods" name="retreieveBooking" time="0.358"/>
  <system-out/>
</testsuite> <!-- dataShare.ShareDataAmongMethods -->
