<?xml version="1.0" encoding="UTF-8"?>
<!-- Generated by org.testng.reporters.JUnitReportReporter -->
<testsuite hostname="DESKTOP-Q9V7GDP" failures="0" tests="1" name="jsonPathExamples.jsonPathIntro" time="1.209" errors="0" timestamp="2022-05-21T13:32:12 EDT" skipped="0">
  <testcase classname="jsonPathExamples.jsonPathIntro" name="jsonPathDemo" time="1.209"/>
  <system-out/>
</testsuite> <!-- jsonPathExamples.jsonPathIntro -->
