<?xml version="1.0" encoding="UTF-8"?>
<!-- Generated by org.testng.reporters.JUnitReportReporter -->
<testsuite hostname="DESKTOP-Q9V7GDP" failures="0" tests="2" name="restfullBooker.MultipleBookings" time="2.506" errors="0" timestamp="2022-05-20T10:02:16 EDT" skipped="0">
  <testcase classname="restfullBooker.MultipleBookings" name="createBookin1" time="2.308"/>
  <system-out/>
  <testcase classname="restfullBooker.MultipleBookings" name="updateBooking" time="0.198"/>
  <system-out/>
</testsuite> <!-- restfullBooker.MultipleBookings -->
