<?xml version="1.0" encoding="UTF-8"?>
<!-- Generated by org.testng.reporters.JUnitReportReporter -->
<testsuite hostname="DESKTOP-Q9V7GDP" failures="0" tests="1" name="dataShare.ShareData" time="2.886" errors="0" timestamp="2022-05-23T20:44:59 EDT" skipped="0">
  <testcase classname="dataShare.ShareData" name="createAndRetrieveBooking" time="2.886"/>
  <system-out/>
</testsuite> <!-- dataShare.ShareData -->
