<?xml version="1.0" encoding="UTF-8"?>
<!-- Generated by org.testng.reporters.JUnitReportReporter -->
<testsuite hostname="DESKTOP-Q9V7GDP" failures="0" tests="2" name="dataShare.TestModuleOneWithTradeLocalDataMap" time="2.903" errors="0" timestamp="2022-05-23T22:44:16 EDT" skipped="0">
  <testcase classname="dataShare.TestModuleOneWithTradeLocalDataMap" name="createBooking" time="2.580"/>
  <system-out/>
  <testcase classname="dataShare.TestModuleOneWithTradeLocalDataMap" name="retreieveBooking" time="0.323"/>
  <system-out/>
</testsuite> <!-- dataShare.TestModuleOneWithTradeLocalDataMap -->
