<?xml version="1.0" encoding="UTF-8"?>
<!-- Generated by org.testng.reporters.JUnitReportReporter -->
<testsuite hostname="DESKTOP-Q9V7GDP" failures="0" tests="1" name="dataShare.ITestContextGetBooking2" time="0.176" errors="0" timestamp="2022-05-24T10:00:39 EDT" skipped="0">
  <testcase classname="dataShare.ITestContextGetBooking2" name="retreieveBooking" time="0.176"/>
  <system-out/>
</testsuite> <!-- dataShare.ITestContextGetBooking2 -->
