<?xml version="1.0" encoding="UTF-8"?>
<!-- Generated by org.testng.reporters.JUnitReportReporter -->
<testsuite hostname="DESKTOP-Q9V7GDP" failures="0" tests="2" name="restfullBooker.WithDefaultValues1" time="0.462" errors="0" timestamp="2022-05-20T19:44:33 EDT" skipped="0">
  <testcase classname="restfullBooker.WithDefaultValues1" name="createBooking2" time="0.210"/>
  <system-out/>
  <testcase classname="restfullBooker.WithDefaultValues1" name="createBooking1" time="0.252"/>
  <system-out/>
</testsuite> <!-- restfullBooker.WithDefaultValues1 -->
