<?xml version="1.0" encoding="UTF-8"?>
<!-- Generated by org.testng.reporters.JUnitReportReporter -->
<testsuite hostname="DESKTOP-Q9V7GDP" failures="0" tests="2" name="dataShare.TestModuleTwo" time="3.111" errors="0" timestamp="2022-05-23T21:44:01 EDT" skipped="0">
  <testcase classname="dataShare.TestModuleTwo" name="createBooking" time="2.660"/>
  <system-out/>
  <testcase classname="dataShare.TestModuleTwo" name="retreieveBooking" time="0.451"/>
  <system-out/>
</testsuite> <!-- dataShare.TestModuleTwo -->
