<?xml version="1.0" encoding="UTF-8"?>
<!-- Generated by org.testng.reporters.JUnitReportReporter -->
<testsuite hostname="DESKTOP-Q9V7GDP" failures="0" tests="1" name="dataShare.ITestContextGetBooking" time="0.187" errors="0" timestamp="2022-05-24T09:58:48 EDT" skipped="0">
  <testcase classname="dataShare.ITestContextGetBooking" name="retreieveBooking" time="0.187"/>
  <system-out/>
</testsuite> <!-- dataShare.ITestContextGetBooking -->
