<?xml version="1.0" encoding="UTF-8"?>
<!-- Generated by org.testng.reporters.JUnitReportReporter -->
<testsuite hostname="DESKTOP-Q9V7GDP" failures="0" tests="2" name="dataShare.ShareDataAmongMethodsWithCommonDataClass" time="2.987" errors="0" timestamp="2022-05-23T20:58:52 EDT" skipped="0">
  <testcase classname="dataShare.ShareDataAmongMethodsWithCommonDataClass" name="createBooking" time="2.750"/>
  <system-out/>
  <testcase classname="dataShare.ShareDataAmongMethodsWithCommonDataClass" name="retreieveBooking" time="0.237"/>
  <system-out/>
</testsuite> <!-- dataShare.ShareDataAmongMethodsWithCommonDataClass -->
