<?xml version="1.0" encoding="UTF-8"?>
<!-- Generated by org.testng.reporters.JUnitReportReporter -->
<testsuite hostname="DESKTOP-Q9V7GDP" failures="0" tests="1" name="restfullBooker.WithDefaultValues2" time="1.594" errors="0" timestamp="2022-05-20T19:44:33 EDT" skipped="0">
  <testcase classname="restfullBooker.WithDefaultValues2" name="createBooking1" time="1.594"/>
  <system-out/>
</testsuite> <!-- restfullBooker.WithDefaultValues2 -->
