<?xml version="1.0" encoding="UTF-8"?>
<!-- Generated by org.testng.reporters.JUnitReportReporter -->
<testsuite hostname="DESKTOP-Q9V7GDP" failures="0" tests="2" name="dataShare.ShareDataAmongMethodsWithCommonDataClassWithMap" time="2.781" errors="0" timestamp="2022-05-23T21:20:35 EDT" skipped="0">
  <testcase classname="dataShare.ShareDataAmongMethodsWithCommonDataClassWithMap" name="createBooking" time="2.494"/>
  <system-out/>
  <testcase classname="dataShare.ShareDataAmongMethodsWithCommonDataClassWithMap" name="retreieveBooking" time="0.287"/>
  <system-out/>
</testsuite> <!-- dataShare.ShareDataAmongMethodsWithCommonDataClassWithMap -->
